
> nextjs_tailwind_shadcn_ts@0.2.0 dev
> next dev 2>&1 | tee dev.log

▲ Next.js 16.1.3 (Turbopack)
- Local:         http://localhost:3000
- Network:       http://192.168.0.2:3000

✓ Starting...
Attention: Next.js now collects completely anonymous telemetry regarding usage.
This information is used to shape Next.js' roadmap and prioritize features.
You can learn more, including how to opt-out if you'd not like to participate in this anonymous program, by visiting the following URL:
https://nextjs.org/telemetry

✓ Ready in 1132ms
○ Compiling / ...
 GET / 200 in 12.1s (compile: 11.0s, render: 1027ms)
 GET / 200 in 120ms (compile: 5ms, render: 115ms)
 GET / 200 in 92ms (compile: 4ms, render: 88ms)
 GET / 200 in 88ms (compile: 3ms, render: 84ms)
 POST /api/generate-plan 200 in 892ms (compile: 856ms, render: 37ms)
 GET / 200 in 189ms (compile: 6ms, render: 184ms)
 POST /api/generate-plan 200 in 13ms (compile: 4ms, render: 9ms)
 GET / 200 in 106ms (compile: 3ms, render: 103ms)
 POST /api/generate-plan 200 in 13ms (compile: 5ms, render: 8ms)
